Determining if the Q_WS_WIN exist failed with the following output:
Change Dir: /home/dutt/nomacs/ImageLounge/CMakeFiles/CMakeTmp

Run Build Command:/usr/bin/make "cmTryCompileExec2313640965/fast"
/usr/bin/make -f CMakeFiles/cmTryCompileExec2313640965.dir/build.make CMakeFiles/cmTryCompileExec2313640965.dir/build
make[1]: Entering directory `/home/dutt/nomacs/ImageLounge/CMakeFiles/CMakeTmp'
/usr/bin/cmake -E cmake_progress_report /home/dutt/nomacs/ImageLounge/CMakeFiles/CMakeTmp/CMakeFiles 1
Building CXX object CMakeFiles/cmTryCompileExec2313640965.dir/CheckSymbolExists.cxx.o
/usr/bin/c++    -I/usr/include/qt4    -o CMakeFiles/cmTryCompileExec2313640965.dir/CheckSymbolExists.cxx.o -c /home/dutt/nomacs/ImageLounge/CMakeFiles/CMakeTmp/CheckSymbolExists.cxx
/home/dutt/nomacs/ImageLounge/CMakeFiles/CMakeTmp/CheckSymbolExists.cxx: In function ‘int main(int, char**)’:
/home/dutt/nomacs/ImageLounge/CMakeFiles/CMakeTmp/CheckSymbolExists.cxx:8:19: error: ‘Q_WS_WIN’ was not declared in this scope
make[1]: Leaving directory `/home/dutt/nomacs/ImageLounge/CMakeFiles/CMakeTmp'
make[1]: *** [CMakeFiles/cmTryCompileExec2313640965.dir/CheckSymbolExists.cxx.o] Error 1
make: *** [cmTryCompileExec2313640965/fast] Error 2

File /home/dutt/nomacs/ImageLounge/CMakeFiles/CMakeTmp/CheckSymbolExists.cxx:
/* */
#include <QtCore/qglobal.h>

int main(int argc, char** argv)
{
  (void)argv;
#ifndef Q_WS_WIN
  return ((int*)(&Q_WS_WIN))[argc];
#else
  (void)argc;
  return 0;
#endif
}

Determining if the Q_WS_QWS exist failed with the following output:
Change Dir: /home/dutt/nomacs/ImageLounge/CMakeFiles/CMakeTmp

Run Build Command:/usr/bin/make "cmTryCompileExec4133946923/fast"
/usr/bin/make -f CMakeFiles/cmTryCompileExec4133946923.dir/build.make CMakeFiles/cmTryCompileExec4133946923.dir/build
make[1]: Entering directory `/home/dutt/nomacs/ImageLounge/CMakeFiles/CMakeTmp'
/usr/bin/cmake -E cmake_progress_report /home/dutt/nomacs/ImageLounge/CMakeFiles/CMakeTmp/CMakeFiles 1
Building CXX object CMakeFiles/cmTryCompileExec4133946923.dir/CheckSymbolExists.cxx.o
/usr/bin/c++    -I/usr/include/qt4    -o CMakeFiles/cmTryCompileExec4133946923.dir/CheckSymbolExists.cxx.o -c /home/dutt/nomacs/ImageLounge/CMakeFiles/CMakeTmp/CheckSymbolExists.cxx
/home/dutt/nomacs/ImageLounge/CMakeFiles/CMakeTmp/CheckSymbolExists.cxx: In function ‘int main(int, char**)’:
/home/dutt/nomacs/ImageLounge/CMakeFiles/CMakeTmp/CheckSymbolExists.cxx:8:19: error: ‘Q_WS_QWS’ was not declared in this scope
make[1]: *** [CMakeFiles/cmTryCompileExec4133946923.dir/CheckSymbolExists.cxx.o] Error 1
make[1]: Leaving directory `/home/dutt/nomacs/ImageLounge/CMakeFiles/CMakeTmp'
make: *** [cmTryCompileExec4133946923/fast] Error 2

File /home/dutt/nomacs/ImageLounge/CMakeFiles/CMakeTmp/CheckSymbolExists.cxx:
/* */
#include <QtCore/qglobal.h>

int main(int argc, char** argv)
{
  (void)argv;
#ifndef Q_WS_QWS
  return ((int*)(&Q_WS_QWS))[argc];
#else
  (void)argc;
  return 0;
#endif
}

Determining if the Q_WS_MAC exist failed with the following output:
Change Dir: /home/dutt/nomacs/ImageLounge/CMakeFiles/CMakeTmp

Run Build Command:/usr/bin/make "cmTryCompileExec121956350/fast"
/usr/bin/make -f CMakeFiles/cmTryCompileExec121956350.dir/build.make CMakeFiles/cmTryCompileExec121956350.dir/build
make[1]: Entering directory `/home/dutt/nomacs/ImageLounge/CMakeFiles/CMakeTmp'
/usr/bin/cmake -E cmake_progress_report /home/dutt/nomacs/ImageLounge/CMakeFiles/CMakeTmp/CMakeFiles 1
Building CXX object CMakeFiles/cmTryCompileExec121956350.dir/CheckSymbolExists.cxx.o
/usr/bin/c++    -I/usr/include/qt4    -o CMakeFiles/cmTryCompileExec121956350.dir/CheckSymbolExists.cxx.o -c /home/dutt/nomacs/ImageLounge/CMakeFiles/CMakeTmp/CheckSymbolExists.cxx
/home/dutt/nomacs/ImageLounge/CMakeFiles/CMakeTmp/CheckSymbolExists.cxx: In function ‘int main(int, char**)’:
/home/dutt/nomacs/ImageLounge/CMakeFiles/CMakeTmp/CheckSymbolExists.cxx:8:19: error: ‘Q_WS_MAC’ was not declared in this scope
make[1]: Leaving directory `/home/dutt/nomacs/ImageLounge/CMakeFiles/CMakeTmp'
make[1]: *** [CMakeFiles/cmTryCompileExec121956350.dir/CheckSymbolExists.cxx.o] Error 1
make: *** [cmTryCompileExec121956350/fast] Error 2

File /home/dutt/nomacs/ImageLounge/CMakeFiles/CMakeTmp/CheckSymbolExists.cxx:
/* */
#include <QtCore/qglobal.h>

int main(int argc, char** argv)
{
  (void)argv;
#ifndef Q_WS_MAC
  return ((int*)(&Q_WS_MAC))[argc];
#else
  (void)argc;
  return 0;
#endif
}

